
> react-typescript-starter@0.1.0 test
> react-scripts test "--coverage"

PASS src/nested.test.ts
PASS src/arrays.test.ts
PASS src/objects.test.ts
PASS src/HtmlCss.test.tsx
PASS src/functions.test.ts
PASS src/text.test.tsx
PASS src/App.test.tsx
----------------|---------|----------|---------|---------|-------------------
File            | % Stmts | % Branch | % Funcs | % Lines | Uncovered Line #s 
----------------|---------|----------|---------|---------|-------------------
All files       |    99.4 |    98.63 |     100 |   99.39 |                   
 src            |    99.4 |    98.63 |     100 |   99.39 |                   
  App.tsx       |     100 |      100 |     100 |     100 |                   
  arrays.ts     |     100 |      100 |     100 |     100 |                   
  functions.ts  |     100 |      100 |     100 |     100 |                   
  nested.ts     |     100 |      100 |     100 |     100 |                   
  objects.ts    |   97.22 |    93.33 |     100 |   97.22 | 63                
 src/interfaces |       0 |        0 |       0 |       0 |                   
  answer.ts     |       0 |        0 |       0 |       0 |                   
  question.ts   |       0 |        0 |       0 |       0 |                   
----------------|---------|----------|---------|---------|-------------------

Test Suites: 7 passed, 7 total
Tests:       49 passed, 49 total
Snapshots:   0 total
Time:        5.793 s
Ran all test suites.
