
> react-typescript-starter@0.1.0 test
> react-scripts test "--coverage"

PASS src/nested.test.ts
PASS src/arrays.test.ts
PASS src/objects.test.ts
PASS src/components/StartAttempt.test.tsx
PASS src/components/TwoDice.test.tsx
PASS src/functions.test.ts
PASS src/components/ChangeType.test.tsx
PASS src/components/CycleHoliday.test.tsx
PASS src/components/Counter.test.tsx
PASS src/components/RevealAnswer.test.tsx
PASS src/App.test.tsx
-------------------|---------|----------|---------|---------|-------------------
File               | % Stmts | % Branch | % Funcs | % Lines | Uncovered Line #s 
-------------------|---------|----------|---------|---------|-------------------
All files          |   99.11 |    98.26 |     100 |    99.1 |                   
 src               |    99.4 |    98.63 |     100 |   99.39 |                   
  App.tsx          |     100 |      100 |     100 |     100 |                   
  arrays.ts        |     100 |      100 |     100 |     100 |                   
  functions.ts     |     100 |      100 |     100 |     100 |                   
  nested.ts        |     100 |      100 |     100 |     100 |                   
  objects.ts       |   97.22 |    93.33 |     100 |   97.22 | 63                
 src/components    |    98.3 |    97.61 |     100 |    98.3 |                   
  ChangeType.tsx   |     100 |      100 |     100 |     100 |                   
  Counter.tsx      |     100 |      100 |     100 |     100 |                   
  CycleHoliday.tsx |   96.77 |    96.15 |     100 |   96.77 | 51                
  RevealAnswer.tsx |     100 |      100 |     100 |     100 |                   
  StartAttempt.tsx |     100 |      100 |     100 |     100 |                   
  TwoDice.tsx      |     100 |      100 |     100 |     100 |                   
 src/interfaces    |       0 |        0 |       0 |       0 |                   
  answer.ts        |       0 |        0 |       0 |       0 |                   
  question.ts      |       0 |        0 |       0 |       0 |                   
-------------------|---------|----------|---------|---------|-------------------

Test Suites: 11 passed, 11 total
Tests:       93 passed, 93 total
Snapshots:   0 total
Time:        8.92 s
Ran all test suites.
